<?xml version="1.0" encoding="UTF-8"?>
<testng-results total="4" passed="4" failed="0" skipped="0">
  <reporter-output>
  </reporter-output>
  <suite started-at="2021-12-10T04:17:06Z" name="Suite" finished-at="2021-12-10T04:17:06Z" duration-ms="32">
    <groups>
    </groups>
    <test started-at="2021-12-10T04:17:06Z" name="Test" finished-at="2021-12-10T04:17:06Z" duration-ms="32">
      <class name="devopsLearning.Test1">
        <test-method signature="test2One()[pri:0, instance:devopsLearning.Test1@7daa0fbd]" started-at="2021-12-09T20:17:06Z" name="test2One" finished-at="2021-12-09T20:17:06Z" duration-ms="12" status="PASS">
          <reporter-output>
          </reporter-output>
        </test-method> <!-- test2One -->
        <test-method signature="testO1ne()[pri:0, instance:devopsLearning.Test1@7daa0fbd]" started-at="2021-12-09T20:17:06Z" name="testO1ne" finished-at="2021-12-09T20:17:06Z" duration-ms="1" status="PASS">
          <reporter-output>
          </reporter-output>
        </test-method> <!-- testO1ne -->
        <test-method signature="test3One()[pri:0, instance:devopsLearning.Test1@7daa0fbd]" started-at="2021-12-09T20:17:06Z" name="test3One" finished-at="2021-12-09T20:17:06Z" duration-ms="0" status="PASS">
          <reporter-output>
          </reporter-output>
        </test-method> <!-- test3One -->
        <test-method signature="testOne()[pri:0, instance:devopsLearning.Test1@7daa0fbd]" started-at="2021-12-09T20:17:06Z" name="testOne" finished-at="2021-12-09T20:17:06Z" duration-ms="0" status="PASS">
          <reporter-output>
          </reporter-output>
        </test-method> <!-- testOne -->
      </class> <!-- devopsLearning.Test1 -->
    </test> <!-- Test -->
  </suite> <!-- Suite -->
</testng-results>
